<?xml version="1.0" encoding="UTF-8" ?>
<testsuite tests="3" failures="3" name="stepdefinition.TestRunner" time="38.944" errors="0" skipped="0">
  <properties>
[...]
</properties>
  <testcase classname="To test the add customer functionlaity" name="To test the submit button1" time="14.646">
    <failure type="java.lang.AssertionError">java.lang.AssertionError
	at org.junit.Assert.fail(Assert.java:86)
	at org.junit.Assert.assertTrue(Assert.java:41)
	at org.junit.Assert.assertTrue(Assert.java:52)
	at stepdefinition.AccessSteps.the_customer_should_see_the_customer_id_generated(AccessSteps.java:12)
	at ✽.The customer should see the customer id generated.(src/test/resources/features/AddCustomer.feature:16)
</failure>
    <system-out>before method
after method
</system-out>
    <system-err>Starting ChromeDriver 2.45.615291 (ec3682e3c9061c10f26ea9e5cdcf3c53f3f74387) on port 16276
Only local connections are allowed.
Mar 08, 2019 10:33:37 PM org.openqa.selenium.remote.ProtocolHandshake createSession
INFO: Detected dialect: OSS
</system-err>
  </testcase>
  <testcase classname="To test the add customer functionlaity" name="To test the submit button2" time="12.013">
    <failure type="java.lang.AssertionError">java.lang.AssertionError
	at org.junit.Assert.fail(Assert.java:86)
	at org.junit.Assert.assertTrue(Assert.java:41)
	at org.junit.Assert.assertTrue(Assert.java:52)
	at stepdefinition.AccessSteps.the_customer_should_see_the_customer_id_generated(AccessSteps.java:12)
	at ✽.The customer should see the customer id generated.(src/test/resources/features/AddCustomer.feature:29)
</failure>
    <system-out>before method
after method
</system-out>
    <system-err>Starting ChromeDriver 2.45.615291 (ec3682e3c9061c10f26ea9e5cdcf3c53f3f74387) on port 35157
Only local connections are allowed.
Mar 08, 2019 10:33:51 PM org.openqa.selenium.remote.ProtocolHandshake createSession
INFO: Detected dialect: OSS
</system-err>
  </testcase>
  <testcase classname="To test the add customer functionlaity" name="To test the submit button3" time="12.285">
    <failure type="java.lang.AssertionError">java.lang.AssertionError
	at org.junit.Assert.fail(Assert.java:86)
	at org.junit.Assert.assertTrue(Assert.java:41)
	at org.junit.Assert.assertTrue(Assert.java:52)
	at stepdefinition.AccessSteps.the_customer_should_see_the_customer_id_generated(AccessSteps.java:12)
	at ✽.The customer should see the customer id generated.(src/test/resources/features/AddCustomer.feature:42)
</failure>
    <system-out>before method
after method
</system-out>
    <system-err>Starting ChromeDriver 2.45.615291 (ec3682e3c9061c10f26ea9e5cdcf3c53f3f74387) on port 24579
Only local connections are allowed.
Mar 08, 2019 10:34:03 PM org.openqa.selenium.remote.ProtocolHandshake createSession
INFO: Detected dialect: OSS
</system-err>
  </testcase>
</testsuite>